<?xml version="1.0" encoding="utf-8"?><testsuites name="pytest tests"><testsuite name="pytest" errors="0" failures="0" skipped="0" tests="21" time="1.003" timestamp="2026-08-10T15:52:45.927635+02:00" hostname="Roberts-MacBook-Pro-4.local"><testcase classname="tests.sync.test_project_identity.TestEnsureIdentity" name="test_generates_missing_fields" time="0.107" /><testcase classname="tests.sync.test_project_identity.TestEnsureIdentity" name="test_returns_existing_complete_identity" time="0.005" /><testcase classname="tests.sync.test_event_emission.TestIdentityInjection" name="test_wp_status_changed_includes_identity" time="0.012" /><testcase classname="tests.sync.test_event_emission.TestImplementEmitsWPStatusChanged" name="test_planned_to_doing" time="0.008" /><testcase classname="tests.sync.test_event_emission.TestMissingIdentityQueuesOnly" name="test_missing_identity_queues_only" time="0.012" /><testcase classname="tests.sync.test_runtime.TestUnauthenticatedBehavior" name="test_no_websocket_when_unauthenticated" time="0.004" /><testcase classname="tests.sync.test_project_identity.TestAtomicWriteConfig" name="test_preserves_existing_keys" time="0.003" /><testcase classname="tests.sync.test_project_identity.TestEnsureIdentity" name="test_backfills_partial_identity" time="0.014" /><testcase classname="tests.sync.test_project_identity.TestEnsureIdentity" name="test_handles_read_only_filesystem" time="0.012" /><testcase classname="tests.sync.test_project_identity.TestIsWritable" name="test_nonexistent_in_readonly_dir" time="0.001" /><testcase classname="tests.sync.test_event_emission.TestNoDuplicateEmissions" name="test_implement_emits_once" time="0.010" /><testcase classname="tests.sync.test_event_emission.TestFinalizeTasksEmitsBatch" name="test_feature_created_plus_wp_created" time="0.023" /><testcase classname="tests.status.test_status_e2e_integration.TestE2EFullPipeline" name="test_e2e_full_pipeline" time="0.110" /><testcase classname="tests.sync.test_offline_queue.TestOfflineQueue" name="test_queue_multiple_events" time="0.009" /><testcase classname="tests.sync.test_events.TestWPStatusChanged" name="test_basic_emission" time="0.009" /><testcase classname="tests.sync.test_events.TestEventEnvelope" name="test_event_id_is_valid_ulid" time="0.010" /><testcase classname="tests.sync.test_events.TestEventEnvelope" name="test_timestamp_is_iso8601" time="0.008" /><testcase classname="tests.specify_cli.status.test_cutover_byte_stability" name="test_lane_mirror_activation_does_not_change_lane_read" time="0.031" /><testcase classname="tests.status.test_emit.TestEmitStatusTransition" name="test_chained_transitions" time="0.044" /><testcase classname="tests.status.test_emit.TestEmitStatusTransition" name="test_alias_resolution_doing" time="0.026" /><testcase classname="tests.status.test_status_e2e_integration.TestE2EEmitForceTransition" name="test_e2e_emit_force_transition" time="0.027" /></testsuite></testsuites>